TN:
SF:src/modules/users/usersService.ts
FN:15,(anonymous_1)
FN:71,(anonymous_2)
FN:89,(anonymous_3)
FNF:3
FNH:3
FNDA:2,(anonymous_1)
FNDA:2,(anonymous_2)
FNDA:2,(anonymous_3)
DA:1,1
DA:2,1
DA:4,1
DA:9,1
DA:10,1
DA:11,1
DA:13,1
DA:15,1
DA:23,2
DA:25,2
DA:34,2
DA:35,1
DA:36,1
DA:38,0
DA:39,0
DA:43,1
DA:45,1
DA:54,1
DA:56,1
DA:58,1
DA:59,1
DA:62,0
DA:67,0
DA:71,1
DA:72,2
DA:75,2
DA:76,1
DA:79,1
DA:80,1
DA:81,1
DA:82,0
DA:85,1
DA:86,1
DA:89,1
DA:90,2
DA:91,2
DA:93,2
DA:95,1
DA:97,1
DA:99,1
DA:101,1
LF:41
LH:36
BRDA:34,0,0,1
BRDA:34,0,1,1
BRDA:35,1,0,1
BRDA:35,1,1,0
BRDA:38,2,0,0
BRDA:38,2,1,0
BRDA:58,3,0,1
BRDA:58,3,1,0
BRDA:75,4,0,1
BRDA:75,4,1,1
BRDA:81,5,0,0
BRDA:81,5,1,1
BRDA:93,6,0,1
BRDA:93,6,1,1
BRDA:101,7,0,1
BRDA:101,7,1,0
BRF:16
BRH:10
end_of_record
TN:
SF:src/utils/errors.ts
FN:4,(anonymous_0)
FN:19,(anonymous_1)
FN:25,(anonymous_2)
FN:31,(anonymous_3)
FN:37,(anonymous_4)
FN:43,(anonymous_5)
FN:49,(anonymous_6)
FNF:7
FNH:3
FNDA:4,(anonymous_0)
FNDA:0,(anonymous_1)
FNDA:0,(anonymous_2)
FNDA:2,(anonymous_3)
FNDA:0,(anonymous_4)
FNDA:0,(anonymous_5)
FNDA:2,(anonymous_6)
DA:1,1
DA:3,1
DA:5,4
DA:6,4
DA:7,4
DA:9,4
DA:10,4
DA:18,1
DA:20,0
DA:24,1
DA:26,0
DA:30,1
DA:32,2
DA:36,1
DA:38,0
DA:42,1
DA:44,0
DA:48,1
DA:50,2
LF:19
LH:15
BRF:0
BRH:0
end_of_record
TN:
SF:src/utils/logger.ts
FN:1,(anonymous_0)
FN:17,(anonymous_1)
FN:24,(anonymous_2)
FN:35,(anonymous_3)
FN:45,(anonymous_4)
FN:55,(anonymous_5)
FNF:6
FNH:4
FNDA:1,(anonymous_0)
FNDA:6,(anonymous_1)
FNDA:4,(anonymous_2)
FNDA:0,(anonymous_3)
FNDA:2,(anonymous_4)
FNDA:0,(anonymous_5)
DA:1,1
DA:2,1
DA:3,1
DA:4,1
DA:5,1
DA:16,1
DA:18,6
DA:25,4
DA:36,0
DA:46,2
DA:56,0
LF:11
LH:9
BRDA:1,0,0,1
BRDA:1,0,1,1
BRF:2
BRH:2
end_of_record
