TN:
SF:src/config/config.ts
FNF:0
FNH:0
DA:1,1
DA:3,1
DA:5,1
DA:6,1
DA:7,1
DA:8,1
DA:9,1
DA:10,1
DA:11,1
DA:12,1
DA:13,1
DA:14,1
DA:15,1
DA:16,1
DA:17,1
DA:18,1
DA:19,1
LF:17
LH:17
BRDA:5,0,0,1
BRDA:5,0,1,0
BRF:2
BRH:1
end_of_record
TN:
SF:src/modules/IAModule/iaRequest.ts
FN:3,(anonymous_0)
FNF:1
FNH:1
FNDA:3,(anonymous_0)
DA:1,1
DA:3,1
DA:4,3
DA:5,3
DA:22,2
DA:23,1
DA:27,1
DA:30,1
DA:31,1
DA:32,1
DA:35,1
DA:36,1
DA:37,1
DA:39,1
DA:44,2
DA:45,2
DA:47,0
LF:17
LH:16
BRDA:22,0,0,1
BRDA:22,0,1,1
BRDA:44,1,0,2
BRDA:44,1,1,0
BRF:4
BRH:3
end_of_record
